<?xml version="1.0" encoding="UTF-8"?>
<!-- Generated by org.testng.reporters.JUnitXMLReporter -->
<testsuite ignored="0" hostname="Neo" failures="0" tests="5" name="Default test" time="105.717" errors="0" timestamp="2025-09-06T15:10:26 IST">
  <testcase classname="testCases.TC002_Data_Driven_Test" name="register_test2" time="32.63"/>
  <testcase classname="testCases.TC002_Data_Driven_Test" name="register_test2" time="8.384"/>
  <testcase classname="testCases.TC002_Data_Driven_Test" name="register_test2" time="9.133"/>
  <testcase classname="testCases.TC002_Data_Driven_Test" name="register_test2" time="6.686"/>
  <testcase classname="testCases.TC002_Data_Driven_Test" name="register_test2" time="1.632"/>
</testsuite> <!-- Default test -->
