<?xml version="1.0" encoding="UTF-8"?>
<!-- Generated by org.testng.reporters.JUnitXMLReporter -->
<testsuite ignored="0" hostname="Neo" failures="0" tests="6" name="Test" time="160.778" errors="0" timestamp="2025-09-06T15:38:16 IST">
  <testcase classname="testCases.TC001_Text_Box_Handling" name="text_box_handling" time="0.766"/>
  <testcase classname="testCases.TC002_Data_Driven_Test" name="register_test2" time="45.523"/>
  <testcase classname="testCases.TC002_Data_Driven_Test" name="register_test2" time="36.222"/>
  <testcase classname="testCases.TC002_Data_Driven_Test" name="register_test2" time="17.435"/>
  <testcase classname="testCases.TC002_Data_Driven_Test" name="register_test2" time="11.304"/>
  <testcase classname="testCases.TC002_Data_Driven_Test" name="register_test2" time="6.973"/>
</testsuite> <!-- Test -->
