<?xml version="1.0" encoding="UTF-8"?>
<testng-results ignored="0" total="8" passed="8" failed="0" skipped="0">
  <reporter-output>
  </reporter-output>
  <suite started-at="2025-09-06T16:11:24 IST" name="Sanity" finished-at="2025-09-06T16:16:52 IST" duration-ms="328030">
    <groups>
    </groups>
    <test started-at="2025-09-06T16:11:24 IST" name="Test3" finished-at="2025-09-06T16:13:07 IST" duration-ms="103016">
      <class name="testCases.TC001_Text_Box_Handling">
        <test-method is-config="true" signature="setup()[pri:0, instance:testCases.TC001_Text_Box_Handling@76f4b65]" started-at="2025-09-06T16:11:24 IST" name="setup" finished-at="2025-09-06T16:13:06 IST" duration-ms="101768" status="PASS">
          <reporter-output>
          </reporter-output>
        </test-method> <!-- setup -->
        <test-method signature="text_box_handling()[pri:0, instance:testCases.TC001_Text_Box_Handling@76f4b65]" started-at="2025-09-06T16:13:06 IST" name="text_box_handling" finished-at="2025-09-06T16:13:07 IST" duration-ms="853" status="PASS">
          <reporter-output>
          </reporter-output>
        </test-method> <!-- text_box_handling -->
        <test-method is-config="true" signature="tearDown()[pri:0, instance:testCases.TC001_Text_Box_Handling@76f4b65]" started-at="2025-09-06T16:13:07 IST" name="tearDown" finished-at="2025-09-06T16:13:07 IST" duration-ms="185" status="PASS">
          <reporter-output>
          </reporter-output>
        </test-method> <!-- tearDown -->
      </class> <!-- testCases.TC001_Text_Box_Handling -->
    </test> <!-- Test3 -->
    <test started-at="2025-09-06T16:11:24 IST" name="Test2" finished-at="2025-09-06T16:13:14 IST" duration-ms="109330">
      <class name="testCases.TC001_Text_Box_Handling">
        <test-method is-config="true" signature="setup()[pri:0, instance:testCases.TC001_Text_Box_Handling@22f31dec]" started-at="2025-09-06T16:11:24 IST" name="setup" finished-at="2025-09-06T16:13:13 IST" duration-ms="108186" status="PASS">
          <reporter-output>
          </reporter-output>
        </test-method> <!-- setup -->
        <test-method signature="text_box_handling()[pri:0, instance:testCases.TC001_Text_Box_Handling@22f31dec]" started-at="2025-09-06T16:13:13 IST" name="text_box_handling" finished-at="2025-09-06T16:13:13 IST" duration-ms="892" status="PASS">
          <reporter-output>
          </reporter-output>
        </test-method> <!-- text_box_handling -->
        <test-method is-config="true" signature="tearDown()[pri:0, instance:testCases.TC001_Text_Box_Handling@22f31dec]" started-at="2025-09-06T16:13:13 IST" name="tearDown" finished-at="2025-09-06T16:13:14 IST" duration-ms="177" status="PASS">
          <reporter-output>
          </reporter-output>
        </test-method> <!-- tearDown -->
      </class> <!-- testCases.TC001_Text_Box_Handling -->
    </test> <!-- Test2 -->
    <test started-at="2025-09-06T16:11:24 IST" name="Test1" finished-at="2025-09-06T16:16:52 IST" duration-ms="328030">
      <class name="testCases.TC001_Text_Box_Handling">
        <test-method is-config="true" signature="setup()[pri:0, instance:testCases.TC001_Text_Box_Handling@7a362b6b]" started-at="2025-09-06T16:11:24 IST" name="setup" finished-at="2025-09-06T16:13:46 IST" duration-ms="141644" status="PASS">
          <reporter-output>
          </reporter-output>
        </test-method> <!-- setup -->
        <test-method signature="text_box_handling()[pri:0, instance:testCases.TC001_Text_Box_Handling@7a362b6b]" started-at="2025-09-06T16:13:46 IST" name="text_box_handling" finished-at="2025-09-06T16:13:47 IST" duration-ms="1445" status="PASS">
          <reporter-output>
          </reporter-output>
        </test-method> <!-- text_box_handling -->
        <test-method is-config="true" signature="tearDown()[pri:0, instance:testCases.TC001_Text_Box_Handling@7a362b6b]" started-at="2025-09-06T16:13:47 IST" name="tearDown" finished-at="2025-09-06T16:13:48 IST" duration-ms="166" status="PASS">
          <reporter-output>
          </reporter-output>
        </test-method> <!-- tearDown -->
      </class> <!-- testCases.TC001_Text_Box_Handling -->
      <class name="testCases.TC002_Data_Driven_Test">
        <test-method is-config="true" signature="setup()[pri:0, instance:testCases.TC002_Data_Driven_Test@632ceb35]" started-at="2025-09-06T16:13:48 IST" name="setup" finished-at="2025-09-06T16:14:26 IST" duration-ms="38230" status="PASS">
          <reporter-output>
          </reporter-output>
        </test-method> <!-- setup -->
        <test-method signature="register_test2(java.lang.String,java.lang.String,java.lang.String,java.lang.String)[pri:0, instance:testCases.TC002_Data_Driven_Test@632ceb35]" started-at="2025-09-06T16:14:28 IST" name="register_test2" data-provider="register_data2" finished-at="2025-09-06T16:14:55 IST" duration-ms="27212" status="PASS">
          <params>
            <param index="0">
              <value>
                <![CDATA[abcd1]]>
              </value>
            </param>
            <param index="1">
              <value>
                <![CDATA[abcd1@abc.com]]>
              </value>
            </param>
            <param index="2">
              <value>
                <![CDATA[Satara]]>
              </value>
            </param>
            <param index="3">
              <value>
                <![CDATA[Satara]]>
              </value>
            </param>
          </params>
          <reporter-output>
          </reporter-output>
        </test-method> <!-- register_test2 -->
        <test-method signature="register_test2(java.lang.String,java.lang.String,java.lang.String,java.lang.String)[pri:0, instance:testCases.TC002_Data_Driven_Test@632ceb35]" started-at="2025-09-06T16:14:55 IST" name="register_test2" data-provider="register_data2" finished-at="2025-09-06T16:15:47 IST" duration-ms="52576" status="PASS">
          <params>
            <param index="0">
              <value>
                <![CDATA[abcd2]]>
              </value>
            </param>
            <param index="1">
              <value>
                <![CDATA[abcd2@abc.com]]>
              </value>
            </param>
            <param index="2">
              <value>
                <![CDATA[Satara]]>
              </value>
            </param>
            <param index="3">
              <value>
                <![CDATA[Satara]]>
              </value>
            </param>
          </params>
          <reporter-output>
          </reporter-output>
        </test-method> <!-- register_test2 -->
        <test-method signature="register_test2(java.lang.String,java.lang.String,java.lang.String,java.lang.String)[pri:0, instance:testCases.TC002_Data_Driven_Test@632ceb35]" started-at="2025-09-06T16:15:47 IST" name="register_test2" data-provider="register_data2" finished-at="2025-09-06T16:16:11 IST" duration-ms="23874" status="PASS">
          <params>
            <param index="0">
              <value>
                <![CDATA[abcd3]]>
              </value>
            </param>
            <param index="1">
              <value>
                <![CDATA[abcd3@abc.com]]>
              </value>
            </param>
            <param index="2">
              <value>
                <![CDATA[Satara]]>
              </value>
            </param>
            <param index="3">
              <value>
                <![CDATA[Satara]]>
              </value>
            </param>
          </params>
          <reporter-output>
          </reporter-output>
        </test-method> <!-- register_test2 -->
        <test-method signature="register_test2(java.lang.String,java.lang.String,java.lang.String,java.lang.String)[pri:0, instance:testCases.TC002_Data_Driven_Test@632ceb35]" started-at="2025-09-06T16:16:11 IST" name="register_test2" data-provider="register_data2" finished-at="2025-09-06T16:16:44 IST" duration-ms="32867" status="PASS">
          <params>
            <param index="0">
              <value>
                <![CDATA[abcd4]]>
              </value>
            </param>
            <param index="1">
              <value>
                <![CDATA[abcd4@abc.com]]>
              </value>
            </param>
            <param index="2">
              <value>
                <![CDATA[Satara]]>
              </value>
            </param>
            <param index="3">
              <value>
                <![CDATA[Satara]]>
              </value>
            </param>
          </params>
          <reporter-output>
          </reporter-output>
        </test-method> <!-- register_test2 -->
        <test-method signature="register_test2(java.lang.String,java.lang.String,java.lang.String,java.lang.String)[pri:0, instance:testCases.TC002_Data_Driven_Test@632ceb35]" started-at="2025-09-06T16:16:44 IST" name="register_test2" data-provider="register_data2" finished-at="2025-09-06T16:16:52 IST" duration-ms="8033" status="PASS">
          <params>
            <param index="0">
              <value>
                <![CDATA[abcd5]]>
              </value>
            </param>
            <param index="1">
              <value>
                <![CDATA[abcd5@abc.com]]>
              </value>
            </param>
            <param index="2">
              <value>
                <![CDATA[Satara]]>
              </value>
            </param>
            <param index="3">
              <value>
                <![CDATA[Satara]]>
              </value>
            </param>
          </params>
          <reporter-output>
          </reporter-output>
        </test-method> <!-- register_test2 -->
        <test-method is-config="true" signature="tearDown()[pri:0, instance:testCases.TC002_Data_Driven_Test@632ceb35]" started-at="2025-09-06T16:16:52 IST" name="tearDown" finished-at="2025-09-06T16:16:52 IST" duration-ms="194" status="PASS">
          <reporter-output>
          </reporter-output>
        </test-method> <!-- tearDown -->
      </class> <!-- testCases.TC002_Data_Driven_Test -->
    </test> <!-- Test1 -->
  </suite> <!-- Sanity -->
</testng-results>
