<?xml version="1.0" encoding="UTF-8"?>
<!-- Generated by org.testng.reporters.JUnitXMLReporter -->
<testsuite ignored="0" hostname="Neo" failures="0" tests="6" name="Test1" time="142.165" errors="0" timestamp="2025-09-06T16:03:17 IST">
  <testcase classname="testCases.TC001_Text_Box_Handling" name="text_box_handling" time="1.041"/>
  <testcase classname="testCases.TC002_Data_Driven_Test" name="register_test2" time="28.646"/>
  <testcase classname="testCases.TC002_Data_Driven_Test" name="register_test2" time="4.822"/>
  <testcase classname="testCases.TC002_Data_Driven_Test" name="register_test2" time="4.969"/>
  <testcase classname="testCases.TC002_Data_Driven_Test" name="register_test2" time="6.297"/>
  <testcase classname="testCases.TC002_Data_Driven_Test" name="register_test2" time="4.68"/>
</testsuite> <!-- Test1 -->
