<?xml version="1.0" encoding="UTF-8"?>
<!-- Generated by org.testng.reporters.JUnitXMLReporter -->
<testsuite ignored="0" hostname="Neo" failures="0" tests="6" name="Test1" time="328.03" errors="0" timestamp="2025-09-06T16:16:53 IST">
  <testcase classname="testCases.TC001_Text_Box_Handling" name="text_box_handling" time="1.445"/>
  <testcase classname="testCases.TC002_Data_Driven_Test" name="register_test2" time="27.212"/>
  <testcase classname="testCases.TC002_Data_Driven_Test" name="register_test2" time="52.576"/>
  <testcase classname="testCases.TC002_Data_Driven_Test" name="register_test2" time="23.874"/>
  <testcase classname="testCases.TC002_Data_Driven_Test" name="register_test2" time="32.867"/>
  <testcase classname="testCases.TC002_Data_Driven_Test" name="register_test2" time="8.033"/>
</testsuite> <!-- Test1 -->
